<?xml version="1.0" encoding="UTF-8"?>
<coverage generated="1754076599604" clover="3.2.0">
  <project timestamp="1754076599604" name="All files">
    <metrics statements="30" coveredstatements="8" conditionals="17" coveredconditionals="5" methods="10" coveredmethods="1" elements="57" coveredelements="14" complexity="0" loc="30" ncloc="30" packages="2" files="2" classes="2"/>
    <package name="Components">
      <metrics statements="18" coveredstatements="6" conditionals="4" coveredconditionals="1" methods="5" coveredmethods="1"/>
      <file name="submissionForm.jsx" path="/Users/shahzebhussain/Desktop/HomeAssignment/Frontend/src/Components/submissionForm.jsx">
        <metrics statements="18" coveredstatements="6" conditionals="4" coveredconditionals="1" methods="5" coveredmethods="1"/>
        <line num="6" count="1" type="stmt"/>
        <line num="7" count="1" type="stmt"/>
        <line num="13" count="1" type="stmt"/>
        <line num="15" count="1" type="stmt"/>
        <line num="16" count="0" type="stmt"/>
        <line num="17" count="0" type="stmt"/>
        <line num="20" count="1" type="stmt"/>
        <line num="21" count="0" type="stmt"/>
        <line num="22" count="0" type="stmt"/>
        <line num="23" count="0" type="stmt"/>
        <line num="24" count="0" type="stmt"/>
        <line num="25" count="0" type="stmt"/>
        <line num="26" count="0" type="stmt"/>
        <line num="27" count="0" type="cond" truecount="0" falsecount="2"/>
        <line num="28" count="0" type="stmt"/>
        <line num="30" count="0" type="stmt"/>
        <line num="31" count="0" type="stmt"/>
        <line num="35" count="1" type="stmt"/>
      </file>
    </package>
    <package name="Services">
      <metrics statements="12" coveredstatements="2" conditionals="13" coveredconditionals="4" methods="5" coveredmethods="0"/>
      <file name="api.js" path="/Users/shahzebhussain/Desktop/HomeAssignment/Frontend/src/Services/api.js">
        <metrics statements="12" coveredstatements="2" conditionals="13" coveredconditionals="4" methods="5" coveredmethods="0"/>
        <line num="5" count="1" type="cond" truecount="4" falsecount="1"/>
        <line num="9" count="1" type="stmt"/>
        <line num="15" count="0" type="stmt"/>
        <line num="16" count="0" type="cond" truecount="0" falsecount="2"/>
        <line num="17" count="0" type="cond" truecount="0" falsecount="2"/>
        <line num="18" count="0" type="cond" truecount="0" falsecount="2"/>
        <line num="19" count="0" type="cond" truecount="0" falsecount="2"/>
        <line num="20" count="0" type="stmt"/>
        <line num="23" count="0" type="stmt"/>
        <line num="28" count="0" type="stmt"/>
        <line num="33" count="0" type="stmt"/>
        <line num="36" count="0" type="stmt"/>
      </file>
    </package>
  </project>
</coverage>
